2025-10-01 09:14:21 [restartedMain] INFO  c.p.u.UserServiceApplication - Starting UserServiceApplication using Java 17.0.16 with PID 2567214 (/home/tina/Downloads/Microservices (Java) Property_Management/user-service/target/classes started by tina in /home/tina/Downloads/Microservices (Java) Property_Management/user-service)
2025-10-01 09:14:21 [restartedMain] DEBUG c.p.u.UserServiceApplication - Running with Spring Boot v3.3.4, Spring v6.1.13
2025-10-01 09:14:21 [restartedMain] INFO  c.p.u.UserServiceApplication - No active profile set, falling back to 1 default profile: "default"
2025-10-01 09:14:21 [restartedMain] INFO  o.s.b.d.e.DevToolsPropertyDefaultsPostProcessor - Devtools property defaults active! Set 'spring.devtools.add-properties' to 'false' to disable
2025-10-01 09:14:21 [restartedMain] INFO  o.s.b.d.e.DevToolsPropertyDefaultsPostProcessor - For additional web related logging consider setting the 'logging.level.web' property to 'DEBUG'
2025-10-01 09:14:22 [restartedMain] INFO  o.s.d.r.c.RepositoryConfigurationDelegate - Bootstrapping Spring Data JPA repositories in DEFAULT mode.
2025-10-01 09:14:22 [restartedMain] INFO  o.s.d.r.c.RepositoryConfigurationDelegate - Finished Spring Data repository scanning in 118 ms. Found 3 JPA repository interfaces.
2025-10-01 09:14:23 [restartedMain] INFO  o.s.cloud.context.scope.GenericScope - BeanFactory id=91c32e23-d326-3895-8b65-261e8817e94f
2025-10-01 09:14:23 [restartedMain] WARN  o.s.c.s.PostProcessorRegistrationDelegate$BeanPostProcessorChecker - Bean 'org.springframework.cloud.client.loadbalancer.LoadBalancerAutoConfiguration$DeferringLoadBalancerInterceptorConfig' of type [org.springframework.cloud.client.loadbalancer.LoadBalancerAutoConfiguration$DeferringLoadBalancerInterceptorConfig] is not eligible for getting processed by all BeanPostProcessors (for example: not eligible for auto-proxying). The currently created BeanPostProcessor [lbRestClientPostProcessor] is declared through a non-static factory method on that class; consider declaring it as static instead.
2025-10-01 09:14:23 [restartedMain] WARN  o.s.c.s.PostProcessorRegistrationDelegate$BeanPostProcessorChecker - Bean 'deferringLoadBalancerInterceptor' of type [org.springframework.cloud.client.loadbalancer.DeferringLoadBalancerInterceptor] is not eligible for getting processed by all BeanPostProcessors (for example: not eligible for auto-proxying). Is this bean getting eagerly injected into a currently created BeanPostProcessor [lbRestClientPostProcessor]? Check the corresponding BeanPostProcessor declaration and its dependencies.
2025-10-01 09:14:23 [restartedMain] INFO  o.s.b.w.e.tomcat.TomcatWebServer - Tomcat initialized with port 8081 (http)
2025-10-01 09:14:23 [restartedMain] INFO  o.a.catalina.core.StandardService - Starting service [Tomcat]
2025-10-01 09:14:23 [restartedMain] INFO  o.a.catalina.core.StandardEngine - Starting Servlet engine: [Apache Tomcat/10.1.30]
2025-10-01 09:14:24 [restartedMain] INFO  o.a.c.c.C.[Tomcat].[localhost].[/] - Initializing Spring embedded WebApplicationContext
2025-10-01 09:14:24 [restartedMain] INFO  o.s.b.w.s.c.ServletWebServerApplicationContext - Root WebApplicationContext: initialization completed in 2328 ms
2025-10-01 09:14:24 [restartedMain] INFO  o.h.jpa.internal.util.LogHelper - HHH000204: Processing PersistenceUnitInfo [name: default]
2025-10-01 09:14:24 [restartedMain] INFO  org.hibernate.Version - HHH000412: Hibernate ORM core version 6.5.3.Final
2025-10-01 09:14:24 [restartedMain] INFO  o.h.c.i.RegionFactoryInitiator - HHH000026: Second-level cache disabled
2025-10-01 09:14:24 [restartedMain] INFO  o.s.o.j.p.SpringPersistenceUnitInfo - No LoadTimeWeaver setup: ignoring JPA class transformer
2025-10-01 09:14:24 [restartedMain] INFO  com.zaxxer.hikari.HikariDataSource - HikariPool-1 - Starting...
2025-10-01 09:14:24 [restartedMain] INFO  com.zaxxer.hikari.pool.HikariPool - HikariPool-1 - Added connection com.mysql.cj.jdbc.ConnectionImpl@5c0e573d
2025-10-01 09:14:24 [restartedMain] INFO  com.zaxxer.hikari.HikariDataSource - HikariPool-1 - Start completed.
2025-10-01 09:14:24 [restartedMain] WARN  org.hibernate.orm.deprecation - HHH90000025: MySQLDialect does not need to be specified explicitly using 'hibernate.dialect' (remove the property setting and it will be selected by default)
2025-10-01 09:14:25 [restartedMain] INFO  o.h.e.t.j.p.i.JtaPlatformInitiator - HHH000489: No JTA platform available (set 'hibernate.transaction.jta.platform' to enable JTA platform integration)
2025-10-01 09:14:25 [restartedMain] INFO  o.s.o.j.LocalContainerEntityManagerFactoryBean - Initialized JPA EntityManagerFactory for persistence unit 'default'
2025-10-01 09:14:26 [restartedMain] INFO  o.s.s.c.a.a.c.InitializeUserDetailsBeanManagerConfigurer$InitializeUserDetailsManagerConfigurer - Global AuthenticationManager configured with UserDetailsService bean with name customUserDetailsService
2025-10-01 09:14:27 [restartedMain] INFO  o.s.b.a.e.web.EndpointLinksResolver - Exposing 1 endpoint beneath base path '/actuator'
2025-10-01 09:14:27 [restartedMain] DEBUG o.s.s.web.DefaultSecurityFilterChain - Will secure any request with filters: DisableEncodeUrlFilter, WebAsyncManagerIntegrationFilter, SecurityContextHolderFilter, HeaderWriterFilter, LogoutFilter, JwtAuthenticationFilter, RequestCacheAwareFilter, SecurityContextHolderAwareRequestFilter, AnonymousAuthenticationFilter, ExceptionTranslationFilter, AuthorizationFilter
2025-10-01 09:14:28 [restartedMain] DEBUG o.s.s.web.DefaultSecurityFilterChain - Will secure any request with filters: DisableEncodeUrlFilter, WebAsyncManagerIntegrationFilter, SecurityContextHolderFilter, HeaderWriterFilter, CorsFilter, LogoutFilter, JwtAuthenticationFilter, RequestCacheAwareFilter, SecurityContextHolderAwareRequestFilter, AnonymousAuthenticationFilter, SessionManagementFilter, ExceptionTranslationFilter, AuthorizationFilter
2025-10-01 09:14:28 [restartedMain] WARN  o.s.b.a.t.ThymeleafAutoConfiguration$DefaultTemplateResolverConfiguration - Cannot find template location: classpath:/templates/ (please add some templates, check your Thymeleaf configuration, or set spring.thymeleaf.check-template-location=false)
2025-10-01 09:14:28 [restartedMain] WARN  o.s.b.d.a.OptionalLiveReloadServer - Unable to start LiveReload server
2025-10-01 09:14:28 [restartedMain] INFO  o.s.c.n.e.c.DiscoveryClientOptionalArgsConfiguration - Eureka HTTP Client uses RestTemplate.
2025-10-01 09:14:29 [restartedMain] WARN  o.s.c.l.c.LoadBalancerCacheAutoConfiguration$LoadBalancerCaffeineWarnLogger - Spring Cloud LoadBalancer is currently working with the default cache. While this cache implementation is useful for development and tests, it's recommended to use Caffeine cache in production.You can switch to using Caffeine cache, by adding it and org.springframework.cache.caffeine.CaffeineCacheManager to the classpath.
2025-10-01 09:14:29 [restartedMain] INFO  o.s.c.n.eureka.InstanceInfoFactory - Setting initial instance status as: STARTING
2025-10-01 09:14:29 [restartedMain] INFO  c.netflix.discovery.DiscoveryClient - Initializing Eureka in region us-east-1
2025-10-01 09:14:29 [restartedMain] INFO  c.n.d.s.r.aws.ConfigClusterResolver - Resolving eureka endpoints via configuration
2025-10-01 09:14:29 [restartedMain] INFO  c.netflix.discovery.DiscoveryClient - Disable delta property : false
2025-10-01 09:14:29 [restartedMain] INFO  c.netflix.discovery.DiscoveryClient - Single vip registry refresh property : null
2025-10-01 09:14:29 [restartedMain] INFO  c.netflix.discovery.DiscoveryClient - Force full registry fetch : false
2025-10-01 09:14:29 [restartedMain] INFO  c.netflix.discovery.DiscoveryClient - Application is null : false
2025-10-01 09:14:29 [restartedMain] INFO  c.netflix.discovery.DiscoveryClient - Registered Applications size is zero : true
2025-10-01 09:14:29 [restartedMain] INFO  c.netflix.discovery.DiscoveryClient - Application version is -1: true
2025-10-01 09:14:29 [restartedMain] INFO  c.netflix.discovery.DiscoveryClient - Getting all instance registry info from the eureka server
2025-10-01 09:14:29 [restartedMain] INFO  c.netflix.discovery.DiscoveryClient - The response status is 200
2025-10-01 09:14:29 [restartedMain] INFO  c.netflix.discovery.DiscoveryClient - Starting heartbeat executor: renew interval is: 30
2025-10-01 09:14:29 [restartedMain] INFO  c.n.discovery.InstanceInfoReplicator - InstanceInfoReplicator onDemand update allowed rate per min is 4
2025-10-01 09:14:29 [restartedMain] INFO  c.netflix.discovery.DiscoveryClient - Discovery Client initialized at timestamp 1759302869596 with initial instances count: 0
2025-10-01 09:14:29 [restartedMain] INFO  o.s.c.n.e.s.EurekaServiceRegistry - Registering application USER-SERVICE with eureka with status UP
2025-10-01 09:14:29 [restartedMain] INFO  c.netflix.discovery.DiscoveryClient - Saw local status change event StatusChangeEvent [timestamp=1759302869616, current=UP, previous=STARTING]
2025-10-01 09:14:29 [DiscoveryClient-InstanceInfoReplicator-0] INFO  c.netflix.discovery.DiscoveryClient - DiscoveryClient_USER-SERVICE/tinashe:user-service:8081: registering service...
2025-10-01 09:14:29 [restartedMain] INFO  o.s.b.w.e.tomcat.TomcatWebServer - Tomcat started on port 8081 (http) with context path '/'
2025-10-01 09:14:29 [restartedMain] INFO  o.s.c.n.e.s.EurekaAutoServiceRegistration - Updating port to 8081
2025-10-01 09:14:29 [DiscoveryClient-InstanceInfoReplicator-0] INFO  c.netflix.discovery.DiscoveryClient - DiscoveryClient_USER-SERVICE/tinashe:user-service:8081 - registration status: 204
2025-10-01 09:14:29 [restartedMain] INFO  c.p.u.UserServiceApplication - Started UserServiceApplication in 8.648 seconds (process running for 9.308)
2025-10-01 09:14:29 [restartedMain] DEBUG org.hibernate.SQL - 
    select
        u1_0.id,
        u1_0.account_non_expired,
        u1_0.account_non_locked,
        u1_0.created_by,
        u1_0.created_date,
        u1_0.credentials_non_expired,
        u1_0.deleted,
        u1_0.email,
        u1_0.enabled,
        u1_0.first_name,
        u1_0.last_modified_by,
        u1_0.last_modified_date,
        u1_0.last_name,
        u1_0.password,
        u1_0.username,
        u1_0.version 
    from
        users u1_0 
    where
        u1_0.email=?
2025-10-01 09:14:29 [restartedMain] DEBUG org.hibernate.SQL - 
    select
        r1_0.user_id,
        r1_1.id,
        r1_1.created_by,
        r1_1.created_date,
        r1_1.deleted,
        r1_1.last_modified_by,
        r1_1.last_modified_date,
        r1_1.name,
        r1_1.version 
    from
        user_roles r1_0 
    join
        roles r1_1 
            on r1_1.id=r1_0.role_id 
    where
        r1_0.user_id=?
2025-10-01 09:14:59 [DiscoveryClient-CacheRefreshExecutor-0] INFO  c.netflix.discovery.DiscoveryClient - Disable delta property : false
2025-10-01 09:14:59 [DiscoveryClient-CacheRefreshExecutor-0] INFO  c.netflix.discovery.DiscoveryClient - Single vip registry refresh property : null
2025-10-01 09:14:59 [DiscoveryClient-CacheRefreshExecutor-0] INFO  c.netflix.discovery.DiscoveryClient - Force full registry fetch : false
2025-10-01 09:14:59 [DiscoveryClient-CacheRefreshExecutor-0] INFO  c.netflix.discovery.DiscoveryClient - Application is null : false
2025-10-01 09:14:59 [DiscoveryClient-CacheRefreshExecutor-0] INFO  c.netflix.discovery.DiscoveryClient - Registered Applications size is zero : true
2025-10-01 09:14:59 [DiscoveryClient-CacheRefreshExecutor-0] INFO  c.netflix.discovery.DiscoveryClient - Application version is -1: false
2025-10-01 09:14:59 [DiscoveryClient-CacheRefreshExecutor-0] INFO  c.netflix.discovery.DiscoveryClient - Getting all instance registry info from the eureka server
2025-10-01 09:14:59 [DiscoveryClient-CacheRefreshExecutor-0] INFO  c.netflix.discovery.DiscoveryClient - The response status is 200
2025-10-01 09:16:02 [http-nio-8081-exec-1] INFO  o.a.c.c.C.[Tomcat].[localhost].[/] - Initializing Spring DispatcherServlet 'dispatcherServlet'
2025-10-01 09:16:02 [http-nio-8081-exec-1] INFO  o.s.web.servlet.DispatcherServlet - Initializing Servlet 'dispatcherServlet'
2025-10-01 09:16:02 [http-nio-8081-exec-1] INFO  o.s.web.servlet.DispatcherServlet - Completed initialization in 4 ms
2025-10-01 09:16:02 [http-nio-8081-exec-1] DEBUG o.s.security.web.FilterChainProxy - Securing GET /swagger-ui/index.html
2025-10-01 09:16:02 [http-nio-8081-exec-1] DEBUG o.s.security.web.FilterChainProxy - Secured GET /swagger-ui/index.html
2025-10-01 09:16:02 [http-nio-8081-exec-1] DEBUG o.s.s.w.a.AnonymousAuthenticationFilter - Set SecurityContextHolder to anonymous SecurityContext
2025-10-01 09:16:03 [http-nio-8081-exec-2] DEBUG o.s.security.web.FilterChainProxy - Securing GET /swagger-ui/swagger-ui.css
2025-10-01 09:16:03 [http-nio-8081-exec-4] DEBUG o.s.security.web.FilterChainProxy - Securing GET /swagger-ui/swagger-initializer.js
2025-10-01 09:16:03 [http-nio-8081-exec-6] DEBUG o.s.security.web.FilterChainProxy - Securing GET /swagger-ui/swagger-ui-standalone-preset.js
2025-10-01 09:16:03 [http-nio-8081-exec-5] DEBUG o.s.security.web.FilterChainProxy - Securing GET /swagger-ui/swagger-ui-bundle.js
2025-10-01 09:16:03 [http-nio-8081-exec-3] DEBUG o.s.security.web.FilterChainProxy - Securing GET /swagger-ui/index.css
2025-10-01 09:16:03 [http-nio-8081-exec-2] DEBUG o.s.security.web.FilterChainProxy - Secured GET /swagger-ui/swagger-ui.css
2025-10-01 09:16:03 [http-nio-8081-exec-4] DEBUG o.s.security.web.FilterChainProxy - Secured GET /swagger-ui/swagger-initializer.js
2025-10-01 09:16:03 [http-nio-8081-exec-6] DEBUG o.s.security.web.FilterChainProxy - Secured GET /swagger-ui/swagger-ui-standalone-preset.js
2025-10-01 09:16:03 [http-nio-8081-exec-5] DEBUG o.s.security.web.FilterChainProxy - Secured GET /swagger-ui/swagger-ui-bundle.js
2025-10-01 09:16:03 [http-nio-8081-exec-3] DEBUG o.s.security.web.FilterChainProxy - Secured GET /swagger-ui/index.css
2025-10-01 09:16:03 [http-nio-8081-exec-3] DEBUG o.s.s.w.a.AnonymousAuthenticationFilter - Set SecurityContextHolder to anonymous SecurityContext
2025-10-01 09:16:03 [http-nio-8081-exec-2] DEBUG o.s.s.w.a.AnonymousAuthenticationFilter - Set SecurityContextHolder to anonymous SecurityContext
2025-10-01 09:16:03 [http-nio-8081-exec-6] DEBUG o.s.s.w.a.AnonymousAuthenticationFilter - Set SecurityContextHolder to anonymous SecurityContext
2025-10-01 09:16:03 [http-nio-8081-exec-4] DEBUG o.s.s.w.a.AnonymousAuthenticationFilter - Set SecurityContextHolder to anonymous SecurityContext
2025-10-01 09:16:03 [http-nio-8081-exec-5] DEBUG o.s.s.w.a.AnonymousAuthenticationFilter - Set SecurityContextHolder to anonymous SecurityContext
2025-10-01 09:16:04 [http-nio-8081-exec-7] DEBUG o.s.security.web.FilterChainProxy - Securing GET /v3/api-docs/swagger-config
2025-10-01 09:16:04 [http-nio-8081-exec-7] DEBUG o.s.security.web.FilterChainProxy - Secured GET /v3/api-docs/swagger-config
2025-10-01 09:16:04 [http-nio-8081-exec-7] DEBUG o.s.s.w.a.AnonymousAuthenticationFilter - Set SecurityContextHolder to anonymous SecurityContext
2025-10-01 09:16:04 [http-nio-8081-exec-8] DEBUG o.s.security.web.FilterChainProxy - Securing GET /v3/api-docs/Auth APIs
2025-10-01 09:16:04 [http-nio-8081-exec-8] DEBUG o.s.security.web.FilterChainProxy - Secured GET /v3/api-docs/Auth APIs
2025-10-01 09:16:05 [http-nio-8081-exec-8] INFO  o.s.api.AbstractOpenApiResource - Init duration for springdoc-openapi is: 215 ms
2025-10-01 09:16:05 [http-nio-8081-exec-8] DEBUG o.s.s.w.a.AnonymousAuthenticationFilter - Set SecurityContextHolder to anonymous SecurityContext
2025-10-01 09:16:42 [http-nio-8081-exec-9] DEBUG o.s.security.web.FilterChainProxy - Securing POST /api/auth/sign-in
2025-10-01 09:16:42 [http-nio-8081-exec-9] DEBUG o.s.security.web.FilterChainProxy - Secured POST /api/auth/sign-in
2025-10-01 09:16:42 [http-nio-8081-exec-9] DEBUG c.p.u.u.s.i.CustomUserDetailsService - Loading user by username or email: Tinashe40
2025-10-01 09:16:42 [http-nio-8081-exec-9] DEBUG org.hibernate.SQL - 
    select
        u1_0.id,
        u1_0.account_non_expired,
        u1_0.account_non_locked,
        u1_0.created_by,
        u1_0.created_date,
        u1_0.credentials_non_expired,
        u1_0.deleted,
        u1_0.email,
        u1_0.enabled,
        u1_0.first_name,
        u1_0.last_modified_by,
        u1_0.last_modified_date,
        u1_0.last_name,
        u1_0.password,
        u1_0.username,
        u1_0.version 
    from
        users u1_0 
    where
        u1_0.username=?
2025-10-01 09:16:42 [http-nio-8081-exec-9] DEBUG org.hibernate.SQL - 
    select
        r1_0.user_id,
        r1_1.id,
        r1_1.created_by,
        r1_1.created_date,
        r1_1.deleted,
        r1_1.last_modified_by,
        r1_1.last_modified_date,
        r1_1.name,
        r1_1.version 
    from
        user_roles r1_0 
    join
        roles r1_1 
            on r1_1.id=r1_0.role_id 
    where
        r1_0.user_id=?
2025-10-01 09:16:42 [http-nio-8081-exec-9] DEBUG o.s.s.a.d.DaoAuthenticationProvider - Authenticated user
2025-10-01 09:16:42 [http-nio-8081-exec-9] DEBUG o.s.s.w.a.AnonymousAuthenticationFilter - Set SecurityContextHolder to anonymous SecurityContext
2025-10-01 09:17:19 [http-nio-8081-exec-6] DEBUG o.s.security.web.FilterChainProxy - Securing GET /api/auth/me
2025-10-01 09:17:19 [http-nio-8081-exec-6] DEBUG o.s.security.web.FilterChainProxy - Secured GET /api/auth/me
2025-10-01 09:17:19 [http-nio-8081-exec-6] INFO  c.p.cloudutility.aop.AuditAspect - Entering method: UserServiceImpl.getCurrentUser() with arguments: []
2025-10-01 09:17:19 [http-nio-8081-exec-6] DEBUG o.s.s.w.a.AnonymousAuthenticationFilter - Set SecurityContextHolder to anonymous SecurityContext
2025-10-01 09:17:19 [http-nio-8081-exec-6] ERROR o.a.c.c.C.[.[.[.[dispatcherServlet] - Servlet.service() for servlet [dispatcherServlet] in context with path [] threw exception [Request processing failed: java.lang.ClassCastException: class java.lang.String cannot be cast to class com.proveritus.cloudutility.security.CustomPrincipal (java.lang.String is in module java.base of loader 'bootstrap'; com.proveritus.cloudutility.security.CustomPrincipal is in unnamed module of loader 'app')] with root cause
java.lang.ClassCastException: class java.lang.String cannot be cast to class com.proveritus.cloudutility.security.CustomPrincipal (java.lang.String is in module java.base of loader 'bootstrap'; com.proveritus.cloudutility.security.CustomPrincipal is in unnamed module of loader 'app')
	at com.proveritus.userservice.userManager.service.impl.UserServiceImpl.getCurrentUser(UserServiceImpl.java:65)
	at java.base/jdk.internal.reflect.NativeMethodAccessorImpl.invoke0(Native Method)
	at java.base/jdk.internal.reflect.NativeMethodAccessorImpl.invoke(NativeMethodAccessorImpl.java:77)
	at java.base/jdk.internal.reflect.DelegatingMethodAccessorImpl.invoke(DelegatingMethodAccessorImpl.java:43)
	at java.base/java.lang.reflect.Method.invoke(Method.java:569)
	at org.springframework.aop.support.AopUtils.invokeJoinpointUsingReflection(AopUtils.java:355)
	at org.springframework.aop.framework.ReflectiveMethodInvocation.invokeJoinpoint(ReflectiveMethodInvocation.java:196)
	at org.springframework.aop.framework.ReflectiveMethodInvocation.proceed(ReflectiveMethodInvocation.java:163)
	at org.springframework.aop.framework.CglibAopProxy$CglibMethodInvocation.proceed(CglibAopProxy.java:768)
	at org.springframework.aop.aspectj.MethodInvocationProceedingJoinPoint.proceed(MethodInvocationProceedingJoinPoint.java:89)
	at com.proveritus.cloudutility.aop.AuditAspect.auditMethod(AuditAspect.java:25)
	at java.base/jdk.internal.reflect.NativeMethodAccessorImpl.invoke0(Native Method)
	at java.base/jdk.internal.reflect.NativeMethodAccessorImpl.invoke(NativeMethodAccessorImpl.java:77)
	at java.base/jdk.internal.reflect.DelegatingMethodAccessorImpl.invoke(DelegatingMethodAccessorImpl.java:43)
	at java.base/java.lang.reflect.Method.invoke(Method.java:569)
	at org.springframework.aop.aspectj.AbstractAspectJAdvice.invokeAdviceMethodWithGivenArgs(AbstractAspectJAdvice.java:637)
	at org.springframework.aop.aspectj.AbstractAspectJAdvice.invokeAdviceMethod(AbstractAspectJAdvice.java:627)
	at org.springframework.aop.aspectj.AspectJAroundAdvice.invoke(AspectJAroundAdvice.java:71)
	at org.springframework.aop.framework.ReflectiveMethodInvocation.proceed(ReflectiveMethodInvocation.java:184)
	at org.springframework.aop.framework.CglibAopProxy$CglibMethodInvocation.proceed(CglibAopProxy.java:768)
	at org.springframework.transaction.interceptor.TransactionAspectSupport.invokeWithinTransaction(TransactionAspectSupport.java:379)
	at org.springframework.transaction.interceptor.TransactionInterceptor.invoke(TransactionInterceptor.java:119)
	at org.springframework.aop.framework.ReflectiveMethodInvocation.proceed(ReflectiveMethodInvocation.java:184)
	at org.springframework.aop.framework.CglibAopProxy$CglibMethodInvocation.proceed(CglibAopProxy.java:768)
	at org.springframework.aop.interceptor.ExposeInvocationInterceptor.invoke(ExposeInvocationInterceptor.java:97)
	at org.springframework.aop.framework.ReflectiveMethodInvocation.proceed(ReflectiveMethodInvocation.java:184)
	at org.springframework.aop.framework.CglibAopProxy$CglibMethodInvocation.proceed(CglibAopProxy.java:768)
	at org.springframework.aop.framework.CglibAopProxy$DynamicAdvisedInterceptor.intercept(CglibAopProxy.java:720)
	at com.proveritus.userservice.userManager.service.impl.UserServiceImpl$$SpringCGLIB$$0.getCurrentUser(<generated>)
	at com.proveritus.userservice.Auth.api.AuthRestController.getCurrentUser(AuthRestController.java:78)
	at java.base/jdk.internal.reflect.NativeMethodAccessorImpl.invoke0(Native Method)
	at java.base/jdk.internal.reflect.NativeMethodAccessorImpl.invoke(NativeMethodAccessorImpl.java:77)
	at java.base/jdk.internal.reflect.DelegatingMethodAccessorImpl.invoke(DelegatingMethodAccessorImpl.java:43)
	at java.base/java.lang.reflect.Method.invoke(Method.java:569)
	at org.springframework.web.method.support.InvocableHandlerMethod.doInvoke(InvocableHandlerMethod.java:255)
	at org.springframework.web.method.support.InvocableHandlerMethod.invokeForRequest(InvocableHandlerMethod.java:188)
	at org.springframework.web.servlet.mvc.method.annotation.ServletInvocableHandlerMethod.invokeAndHandle(ServletInvocableHandlerMethod.java:118)
	at org.springframework.web.servlet.mvc.method.annotation.RequestMappingHandlerAdapter.invokeHandlerMethod(RequestMappingHandlerAdapter.java:926)
	at org.springframework.web.servlet.mvc.method.annotation.RequestMappingHandlerAdapter.handleInternal(RequestMappingHandlerAdapter.java:831)
	at org.springframework.web.servlet.mvc.method.AbstractHandlerMethodAdapter.handle(AbstractHandlerMethodAdapter.java:87)
	at org.springframework.web.servlet.DispatcherServlet.doDispatch(DispatcherServlet.java:1089)
	at org.springframework.web.servlet.DispatcherServlet.doService(DispatcherServlet.java:979)
	at org.springframework.web.servlet.FrameworkServlet.processRequest(FrameworkServlet.java:1014)
	at org.springframework.web.servlet.FrameworkServlet.doGet(FrameworkServlet.java:903)
	at jakarta.servlet.http.HttpServlet.service(HttpServlet.java:564)
	at org.springframework.web.servlet.FrameworkServlet.service(FrameworkServlet.java:885)
	at jakarta.servlet.http.HttpServlet.service(HttpServlet.java:658)
	at org.apache.catalina.core.ApplicationFilterChain.internalDoFilter(ApplicationFilterChain.java:195)
	at org.apache.catalina.core.ApplicationFilterChain.doFilter(ApplicationFilterChain.java:140)
	at org.apache.tomcat.websocket.server.WsFilter.doFilter(WsFilter.java:51)
	at org.apache.catalina.core.ApplicationFilterChain.internalDoFilter(ApplicationFilterChain.java:164)
	at org.apache.catalina.core.ApplicationFilterChain.doFilter(ApplicationFilterChain.java:140)
	at org.springframework.web.filter.OncePerRequestFilter.doFilter(OncePerRequestFilter.java:110)
	at org.apache.catalina.core.ApplicationFilterChain.internalDoFilter(ApplicationFilterChain.java:164)
	at org.apache.catalina.core.ApplicationFilterChain.doFilter(ApplicationFilterChain.java:140)
	at org.springframework.web.filter.CompositeFilter$VirtualFilterChain.doFilter(CompositeFilter.java:108)
	at org.springframework.security.web.FilterChainProxy.lambda$doFilterInternal$3(FilterChainProxy.java:231)
	at org.springframework.security.web.ObservationFilterChainDecorator$FilterObservation$SimpleFilterObservation.lambda$wrap$1(ObservationFilterChainDecorator.java:479)
	at org.springframework.security.web.ObservationFilterChainDecorator$AroundFilterObservation$SimpleAroundFilterObservation.lambda$wrap$1(ObservationFilterChainDecorator.java:340)
	at org.springframework.security.web.ObservationFilterChainDecorator.lambda$wrapSecured$0(ObservationFilterChainDecorator.java:82)
	at org.springframework.security.web.ObservationFilterChainDecorator$VirtualFilterChain.doFilter(ObservationFilterChainDecorator.java:128)
	at org.springframework.security.web.access.intercept.AuthorizationFilter.doFilter(AuthorizationFilter.java:100)
	at org.springframework.security.web.ObservationFilterChainDecorator$ObservationFilter.wrapFilter(ObservationFilterChainDecorator.java:240)
	at org.springframework.security.web.ObservationFilterChainDecorator$ObservationFilter.doFilter(ObservationFilterChainDecorator.java:227)
	at org.springframework.security.web.ObservationFilterChainDecorator$VirtualFilterChain.doFilter(ObservationFilterChainDecorator.java:137)
	at org.springframework.security.web.access.ExceptionTranslationFilter.doFilter(ExceptionTranslationFilter.java:126)
	at org.springframework.security.web.access.ExceptionTranslationFilter.doFilter(ExceptionTranslationFilter.java:120)
	at org.springframework.security.web.ObservationFilterChainDecorator$ObservationFilter.wrapFilter(ObservationFilterChainDecorator.java:240)
	at org.springframework.security.web.ObservationFilterChainDecorator$ObservationFilter.doFilter(ObservationFilterChainDecorator.java:227)
	at org.springframework.security.web.ObservationFilterChainDecorator$VirtualFilterChain.doFilter(ObservationFilterChainDecorator.java:137)
	at org.springframework.security.web.authentication.AnonymousAuthenticationFilter.doFilter(AnonymousAuthenticationFilter.java:100)
	at org.springframework.security.web.ObservationFilterChainDecorator$ObservationFilter.wrapFilter(ObservationFilterChainDecorator.java:240)
	at org.springframework.security.web.ObservationFilterChainDecorator$ObservationFilter.doFilter(ObservationFilterChainDecorator.java:227)
	at org.springframework.security.web.ObservationFilterChainDecorator$VirtualFilterChain.doFilter(ObservationFilterChainDecorator.java:137)
	at org.springframework.security.web.servletapi.SecurityContextHolderAwareRequestFilter.doFilter(SecurityContextHolderAwareRequestFilter.java:179)
	at org.springframework.security.web.ObservationFilterChainDecorator$ObservationFilter.wrapFilter(ObservationFilterChainDecorator.java:240)
	at org.springframework.security.web.ObservationFilterChainDecorator$ObservationFilter.doFilter(ObservationFilterChainDecorator.java:227)
	at org.springframework.security.web.ObservationFilterChainDecorator$VirtualFilterChain.doFilter(ObservationFilterChainDecorator.java:137)
	at org.springframework.security.web.savedrequest.RequestCacheAwareFilter.doFilter(RequestCacheAwareFilter.java:63)
	at org.springframework.security.web.ObservationFilterChainDecorator$ObservationFilter.wrapFilter(ObservationFilterChainDecorator.java:240)
	at org.springframework.security.web.ObservationFilterChainDecorator$ObservationFilter.doFilter(ObservationFilterChainDecorator.java:227)
	at org.springframework.security.web.ObservationFilterChainDecorator$VirtualFilterChain.doFilter(ObservationFilterChainDecorator.java:137)
	at com.proveritus.cloudutility.security.JwtAuthenticationFilter.doFilterInternal(JwtAuthenticationFilter.java:49)
	at org.springframework.web.filter.OncePerRequestFilter.doFilter(OncePerRequestFilter.java:116)
	at org.springframework.security.web.ObservationFilterChainDecorator$ObservationFilter.wrapFilter(ObservationFilterChainDecorator.java:240)
	at org.springframework.security.web.ObservationFilterChainDecorator$ObservationFilter.doFilter(ObservationFilterChainDecorator.java:227)
	at org.springframework.security.web.ObservationFilterChainDecorator$VirtualFilterChain.doFilter(ObservationFilterChainDecorator.java:137)
	at org.springframework.security.web.authentication.logout.LogoutFilter.doFilter(LogoutFilter.java:107)
	at org.springframework.security.web.authentication.logout.LogoutFilter.doFilter(LogoutFilter.java:93)
	at org.springframework.security.web.ObservationFilterChainDecorator$ObservationFilter.wrapFilter(ObservationFilterChainDecorator.java:240)
	at org.springframework.security.web.ObservationFilterChainDecorator$ObservationFilter.doFilter(ObservationFilterChainDecorator.java:227)
	at org.springframework.security.web.ObservationFilterChainDecorator$VirtualFilterChain.doFilter(ObservationFilterChainDecorator.java:137)
	at org.springframework.security.web.header.HeaderWriterFilter.doHeadersAfter(HeaderWriterFilter.java:90)
	at org.springframework.security.web.header.HeaderWriterFilter.doFilterInternal(HeaderWriterFilter.java:75)
	at org.springframework.web.filter.OncePerRequestFilter.doFilter(OncePerRequestFilter.java:116)
	at org.springframework.security.web.ObservationFilterChainDecorator$ObservationFilter.wrapFilter(ObservationFilterChainDecorator.java:240)
	at org.springframework.security.web.ObservationFilterChainDecorator$ObservationFilter.doFilter(ObservationFilterChainDecorator.java:227)
	at org.springframework.security.web.ObservationFilterChainDecorator$VirtualFilterChain.doFilter(ObservationFilterChainDecorator.java:137)
	at org.springframework.security.web.context.SecurityContextHolderFilter.doFilter(SecurityContextHolderFilter.java:82)
	at org.springframework.security.web.context.SecurityContextHolderFilter.doFilter(SecurityContextHolderFilter.java:69)
	at org.springframework.security.web.ObservationFilterChainDecorator$ObservationFilter.wrapFilter(ObservationFilterChainDecorator.java:240)
	at org.springframework.security.web.ObservationFilterChainDecorator$ObservationFilter.doFilter(ObservationFilterChainDecorator.java:227)
	at org.springframework.security.web.ObservationFilterChainDecorator$VirtualFilterChain.doFilter(ObservationFilterChainDecorator.java:137)
	at org.springframework.security.web.context.request.async.WebAsyncManagerIntegrationFilter.doFilterInternal(WebAsyncManagerIntegrationFilter.java:62)
	at org.springframework.web.filter.OncePerRequestFilter.doFilter(OncePerRequestFilter.java:116)
	at org.springframework.security.web.ObservationFilterChainDecorator$ObservationFilter.wrapFilter(ObservationFilterChainDecorator.java:240)
	at org.springframework.security.web.ObservationFilterChainDecorator$ObservationFilter.doFilter(ObservationFilterChainDecorator.java:227)
	at org.springframework.security.web.ObservationFilterChainDecorator$VirtualFilterChain.doFilter(ObservationFilterChainDecorator.java:137)
	at org.springframework.security.web.session.DisableEncodeUrlFilter.doFilterInternal(DisableEncodeUrlFilter.java:42)
	at org.springframework.web.filter.OncePerRequestFilter.doFilter(OncePerRequestFilter.java:116)
	at org.springframework.security.web.ObservationFilterChainDecorator$ObservationFilter.wrapFilter(ObservationFilterChainDecorator.java:240)
	at org.springframework.security.web.ObservationFilterChainDecorator$AroundFilterObservation$SimpleAroundFilterObservation.lambda$wrap$0(ObservationFilterChainDecorator.java:323)
	at org.springframework.security.web.ObservationFilterChainDecorator$ObservationFilter.doFilter(ObservationFilterChainDecorator.java:224)
	at org.springframework.security.web.ObservationFilterChainDecorator$VirtualFilterChain.doFilter(ObservationFilterChainDecorator.java:137)
	at org.springframework.security.web.FilterChainProxy.doFilterInternal(FilterChainProxy.java:233)
	at org.springframework.security.web.FilterChainProxy.doFilter(FilterChainProxy.java:191)
	at org.springframework.web.filter.CompositeFilter$VirtualFilterChain.doFilter(CompositeFilter.java:113)
	at org.springframework.web.servlet.handler.HandlerMappingIntrospector.lambda$createCacheFilter$3(HandlerMappingIntrospector.java:195)
	at org.springframework.web.filter.CompositeFilter$VirtualFilterChain.doFilter(CompositeFilter.java:113)
	at org.springframework.web.filter.CompositeFilter.doFilter(CompositeFilter.java:74)
	at org.springframework.security.config.annotation.web.configuration.WebMvcSecurityConfiguration$CompositeFilterChainProxy.doFilter(WebMvcSecurityConfiguration.java:230)
	at org.springframework.web.filter.DelegatingFilterProxy.invokeDelegate(DelegatingFilterProxy.java:352)
	at org.springframework.web.filter.DelegatingFilterProxy.doFilter(DelegatingFilterProxy.java:268)
	at org.apache.catalina.core.ApplicationFilterChain.internalDoFilter(ApplicationFilterChain.java:164)
	at org.apache.catalina.core.ApplicationFilterChain.doFilter(ApplicationFilterChain.java:140)
	at org.springframework.web.filter.RequestContextFilter.doFilterInternal(RequestContextFilter.java:100)
	at org.springframework.web.filter.OncePerRequestFilter.doFilter(OncePerRequestFilter.java:116)
	at org.apache.catalina.core.ApplicationFilterChain.internalDoFilter(ApplicationFilterChain.java:164)
	at org.apache.catalina.core.ApplicationFilterChain.doFilter(ApplicationFilterChain.java:140)
	at org.springframework.web.filter.FormContentFilter.doFilterInternal(FormContentFilter.java:93)
	at org.springframework.web.filter.OncePerRequestFilter.doFilter(OncePerRequestFilter.java:116)
	at org.apache.catalina.core.ApplicationFilterChain.internalDoFilter(ApplicationFilterChain.java:164)
	at org.apache.catalina.core.ApplicationFilterChain.doFilter(ApplicationFilterChain.java:140)
	at org.springframework.web.filter.ServerHttpObservationFilter.doFilterInternal(ServerHttpObservationFilter.java:113)
	at org.springframework.web.filter.OncePerRequestFilter.doFilter(OncePerRequestFilter.java:116)
	at org.apache.catalina.core.ApplicationFilterChain.internalDoFilter(ApplicationFilterChain.java:164)
	at org.apache.catalina.core.ApplicationFilterChain.doFilter(ApplicationFilterChain.java:140)
	at org.springframework.web.filter.CharacterEncodingFilter.doFilterInternal(CharacterEncodingFilter.java:201)
	at org.springframework.web.filter.OncePerRequestFilter.doFilter(OncePerRequestFilter.java:116)
	at org.apache.catalina.core.ApplicationFilterChain.internalDoFilter(ApplicationFilterChain.java:164)
	at org.apache.catalina.core.ApplicationFilterChain.doFilter(ApplicationFilterChain.java:140)
	at org.apache.catalina.core.StandardWrapperValve.invoke(StandardWrapperValve.java:167)
	at org.apache.catalina.core.StandardContextValve.invoke(StandardContextValve.java:90)
	at org.apache.catalina.authenticator.AuthenticatorBase.invoke(AuthenticatorBase.java:483)
	at org.apache.catalina.core.StandardHostValve.invoke(StandardHostValve.java:115)
	at org.apache.catalina.valves.ErrorReportValve.invoke(ErrorReportValve.java:93)
	at org.apache.catalina.core.StandardEngineValve.invoke(StandardEngineValve.java:74)
	at org.apache.catalina.connector.CoyoteAdapter.service(CoyoteAdapter.java:344)
	at org.apache.coyote.http11.Http11Processor.service(Http11Processor.java:384)
	at org.apache.coyote.AbstractProcessorLight.process(AbstractProcessorLight.java:63)
	at org.apache.coyote.AbstractProtocol$ConnectionHandler.process(AbstractProtocol.java:905)
	at org.apache.tomcat.util.net.NioEndpoint$SocketProcessor.doRun(NioEndpoint.java:1741)
	at org.apache.tomcat.util.net.SocketProcessorBase.run(SocketProcessorBase.java:52)
	at org.apache.tomcat.util.threads.ThreadPoolExecutor.runWorker(ThreadPoolExecutor.java:1190)
	at org.apache.tomcat.util.threads.ThreadPoolExecutor$Worker.run(ThreadPoolExecutor.java:659)
	at org.apache.tomcat.util.threads.TaskThread$WrappingRunnable.run(TaskThread.java:63)
	at java.base/java.lang.Thread.run(Thread.java:840)
2025-10-01 09:17:20 [http-nio-8081-exec-6] DEBUG o.s.security.web.FilterChainProxy - Securing GET /error
2025-10-01 09:17:20 [http-nio-8081-exec-6] DEBUG o.s.s.w.a.AnonymousAuthenticationFilter - Set SecurityContextHolder to anonymous SecurityContext
2025-10-01 09:17:20 [http-nio-8081-exec-6] DEBUG o.s.s.w.s.HttpSessionRequestCache - Saved request http://localhost:8081/error?continue to session
2025-10-01 09:17:20 [http-nio-8081-exec-6] DEBUG o.s.s.w.a.Http403ForbiddenEntryPoint - Pre-authenticated entry point called. Rejecting access
2025-10-01 09:17:40 [http-nio-8081-exec-4] DEBUG o.s.security.web.FilterChainProxy - Securing GET /api/auth/validate-token?token=eyJhbGciOiJIUzUxMiJ9.eyJzdWIiOiJUaW5hc2hlNDAiLCJpYXQiOjE3NTkzMDMwMDIsImV4cCI6MTc1OTkwNzgwMn0.9VzV82sdCro-Jdvszs3cvMsyiw1BQXhdLoEBfdBMb8QR-eNK_uYuHMsOtToo041ZrHdRJ9kVqeR6DPQ3miNNVw
2025-10-01 09:17:40 [http-nio-8081-exec-4] DEBUG o.s.security.web.FilterChainProxy - Secured GET /api/auth/validate-token?token=eyJhbGciOiJIUzUxMiJ9.eyJzdWIiOiJUaW5hc2hlNDAiLCJpYXQiOjE3NTkzMDMwMDIsImV4cCI6MTc1OTkwNzgwMn0.9VzV82sdCro-Jdvszs3cvMsyiw1BQXhdLoEBfdBMb8QR-eNK_uYuHMsOtToo041ZrHdRJ9kVqeR6DPQ3miNNVw
2025-10-01 09:17:40 [http-nio-8081-exec-4] DEBUG o.s.s.w.a.AnonymousAuthenticationFilter - Set SecurityContextHolder to anonymous SecurityContext
2025-10-01 09:19:29 [AsyncResolver-bootstrap-executor-0] INFO  c.n.d.s.r.aws.ConfigClusterResolver - Resolving eureka endpoints via configuration
2025-10-01 09:21:30 [http-nio-8081-exec-7] DEBUG o.s.security.web.FilterChainProxy - Securing GET /v3/api-docs/User Management APIs
2025-10-01 09:21:30 [http-nio-8081-exec-7] DEBUG o.s.security.web.FilterChainProxy - Secured GET /v3/api-docs/User Management APIs
2025-10-01 09:21:31 [http-nio-8081-exec-7] INFO  o.s.api.AbstractOpenApiResource - Init duration for springdoc-openapi is: 170 ms
2025-10-01 09:21:31 [http-nio-8081-exec-7] DEBUG o.s.s.w.a.AnonymousAuthenticationFilter - Set SecurityContextHolder to anonymous SecurityContext
2025-10-01 09:21:57 [http-nio-8081-exec-8] DEBUG o.s.security.web.FilterChainProxy - Securing GET /api/users/1
2025-10-01 09:21:57 [http-nio-8081-exec-8] DEBUG c.p.u.u.s.i.CustomUserDetailsService - Loading user by username or email: Tinashe40
2025-10-01 09:21:57 [http-nio-8081-exec-8] DEBUG org.hibernate.SQL - 
    select
        u1_0.id,
        u1_0.account_non_expired,
        u1_0.account_non_locked,
        u1_0.created_by,
        u1_0.created_date,
        u1_0.credentials_non_expired,
        u1_0.deleted,
        u1_0.email,
        u1_0.enabled,
        u1_0.first_name,
        u1_0.last_modified_by,
        u1_0.last_modified_date,
        u1_0.last_name,
        u1_0.password,
        u1_0.username,
        u1_0.version 
    from
        users u1_0 
    where
        u1_0.username=?
2025-10-01 09:21:57 [http-nio-8081-exec-8] DEBUG org.hibernate.SQL - 
    select
        r1_0.user_id,
        r1_1.id,
        r1_1.created_by,
        r1_1.created_date,
        r1_1.deleted,
        r1_1.last_modified_by,
        r1_1.last_modified_date,
        r1_1.name,
        r1_1.version 
    from
        user_roles r1_0 
    join
        roles r1_1 
            on r1_1.id=r1_0.role_id 
    where
        r1_0.user_id=?
2025-10-01 09:21:57 [http-nio-8081-exec-8] DEBUG o.s.security.web.FilterChainProxy - Secured GET /api/users/1
2025-10-01 09:21:57 [http-nio-8081-exec-8] DEBUG o.s.s.a.m.AuthorizationManagerBeforeMethodInterceptor - Authorizing method invocation ReflectiveMethodInvocation: public org.springframework.http.ResponseEntity com.proveritus.userservice.userManager.api.UserRestController.getUserById(java.lang.Long); target is of class [com.proveritus.userservice.userManager.api.UserRestController]
2025-10-01 09:21:57 [http-nio-8081-exec-8] DEBUG o.s.s.a.m.AuthorizationManagerBeforeMethodInterceptor - Authorized method invocation ReflectiveMethodInvocation: public org.springframework.http.ResponseEntity com.proveritus.userservice.userManager.api.UserRestController.getUserById(java.lang.Long); target is of class [com.proveritus.userservice.userManager.api.UserRestController]
2025-10-01 09:21:57 [http-nio-8081-exec-8] DEBUG org.hibernate.SQL - 
    select
        u1_0.id,
        u1_0.account_non_expired,
        u1_0.account_non_locked,
        u1_0.created_by,
        u1_0.created_date,
        u1_0.credentials_non_expired,
        u1_0.deleted,
        u1_0.email,
        u1_0.enabled,
        u1_0.first_name,
        u1_0.last_modified_by,
        u1_0.last_modified_date,
        u1_0.last_name,
        u1_0.password,
        u1_0.username,
        u1_0.version 
    from
        users u1_0 
    where
        not(u1_0.deleted) 
        and u1_0.id=? 
    limit
        ?
2025-10-01 09:21:57 [http-nio-8081-exec-8] DEBUG org.hibernate.SQL - 
    select
        r1_0.user_id,
        r1_1.id,
        r1_1.created_by,
        r1_1.created_date,
        r1_1.deleted,
        r1_1.last_modified_by,
        r1_1.last_modified_date,
        r1_1.name,
        r1_1.version 
    from
        user_roles r1_0 
    join
        roles r1_1 
            on r1_1.id=r1_0.role_id 
    where
        r1_0.user_id=?
2025-10-01 09:23:20 [http-nio-8081-exec-10] DEBUG o.s.security.web.FilterChainProxy - Securing PUT /api/users/1
2025-10-01 09:23:20 [http-nio-8081-exec-10] DEBUG c.p.u.u.s.i.CustomUserDetailsService - Loading user by username or email: Tinashe40
2025-10-01 09:23:20 [http-nio-8081-exec-10] DEBUG org.hibernate.SQL - 
    select
        u1_0.id,
        u1_0.account_non_expired,
        u1_0.account_non_locked,
        u1_0.created_by,
        u1_0.created_date,
        u1_0.credentials_non_expired,
        u1_0.deleted,
        u1_0.email,
        u1_0.enabled,
        u1_0.first_name,
        u1_0.last_modified_by,
        u1_0.last_modified_date,
        u1_0.last_name,
        u1_0.password,
        u1_0.username,
        u1_0.version 
    from
        users u1_0 
    where
        u1_0.username=?
2025-10-01 09:23:20 [http-nio-8081-exec-10] DEBUG org.hibernate.SQL - 
    select
        r1_0.user_id,
        r1_1.id,
        r1_1.created_by,
        r1_1.created_date,
        r1_1.deleted,
        r1_1.last_modified_by,
        r1_1.last_modified_date,
        r1_1.name,
        r1_1.version 
    from
        user_roles r1_0 
    join
        roles r1_1 
            on r1_1.id=r1_0.role_id 
    where
        r1_0.user_id=?
2025-10-01 09:23:20 [http-nio-8081-exec-10] DEBUG o.s.security.web.FilterChainProxy - Secured PUT /api/users/1
2025-10-01 09:23:20 [http-nio-8081-exec-10] DEBUG o.s.s.a.m.AuthorizationManagerBeforeMethodInterceptor - Authorizing method invocation ReflectiveMethodInvocation: public org.springframework.http.ResponseEntity com.proveritus.userservice.userManager.api.UserRestController.updateUser(java.lang.Long,com.proveritus.userservice.userManager.dto.UpdateUserDTO); target is of class [com.proveritus.userservice.userManager.api.UserRestController]
2025-10-01 09:23:20 [http-nio-8081-exec-10] DEBUG o.s.s.a.m.AuthorizationManagerBeforeMethodInterceptor - Authorized method invocation ReflectiveMethodInvocation: public org.springframework.http.ResponseEntity com.proveritus.userservice.userManager.api.UserRestController.updateUser(java.lang.Long,com.proveritus.userservice.userManager.dto.UpdateUserDTO); target is of class [com.proveritus.userservice.userManager.api.UserRestController]
2025-10-01 09:23:20 [http-nio-8081-exec-10] DEBUG org.hibernate.SQL - 
    select
        u1_0.id,
        u1_0.account_non_expired,
        u1_0.account_non_locked,
        u1_0.created_by,
        u1_0.created_date,
        u1_0.credentials_non_expired,
        u1_0.deleted,
        u1_0.email,
        u1_0.enabled,
        u1_0.first_name,
        u1_0.last_modified_by,
        u1_0.last_modified_date,
        u1_0.last_name,
        u1_0.password,
        u1_0.username,
        u1_0.version 
    from
        users u1_0 
    where
        not(u1_0.deleted) 
        and u1_0.id=? 
    limit
        ?
2025-10-01 09:23:20 [http-nio-8081-exec-10] DEBUG org.hibernate.SQL - 
    select
        r1_0.user_id,
        r1_1.id,
        r1_1.created_by,
        r1_1.created_date,
        r1_1.deleted,
        r1_1.last_modified_by,
        r1_1.last_modified_date,
        r1_1.name,
        r1_1.version 
    from
        user_roles r1_0 
    join
        roles r1_1 
            on r1_1.id=r1_0.role_id 
    where
        r1_0.user_id=?
2025-10-01 09:23:20 [http-nio-8081-exec-10] DEBUG org.hibernate.SQL - 
    select
        u1_0.id,
        u1_0.account_non_expired,
        u1_0.account_non_locked,
        u1_0.created_by,
        u1_0.created_date,
        u1_0.credentials_non_expired,
        u1_0.deleted,
        u1_0.email,
        u1_0.enabled,
        u1_0.first_name,
        u1_0.last_modified_by,
        u1_0.last_modified_date,
        u1_0.last_name,
        u1_0.password,
        r1_0.user_id,
        r1_1.id,
        r1_1.created_by,
        r1_1.created_date,
        r1_1.deleted,
        r1_1.last_modified_by,
        r1_1.last_modified_date,
        r1_1.name,
        r1_1.version,
        u1_0.username,
        u1_0.version 
    from
        users u1_0 
    left join
        user_roles r1_0 
            on u1_0.id=r1_0.user_id 
    left join
        roles r1_1 
            on r1_1.id=r1_0.role_id 
    where
        u1_0.id=?
2025-10-01 09:23:20 [http-nio-8081-exec-10] DEBUG org.hibernate.SQL - 
    select
        p1_0.role_id,
        p1_1.id,
        p1_1.created_by,
        p1_1.created_date,
        p1_1.deleted,
        p1_1.last_modified_by,
        p1_1.last_modified_date,
        p1_1.name,
        p1_1.version 
    from
        role_permissions p1_0 
    join
        permissions p1_1 
            on p1_1.id=p1_0.permission_id 
    where
        p1_0.role_id=?
2025-10-01 09:23:20 [http-nio-8081-exec-10] DEBUG org.hibernate.SQL - 
    update
        users 
    set
        account_non_expired=?,
        account_non_locked=?,
        credentials_non_expired=?,
        deleted=?,
        email=?,
        enabled=?,
        first_name=?,
        last_modified_by=?,
        last_modified_date=?,
        last_name=?,
        password=?,
        username=?,
        version=? 
    where
        id=? 
        and version=?
2025-10-01 09:24:29 [AsyncResolver-bootstrap-executor-0] INFO  c.n.d.s.r.aws.ConfigClusterResolver - Resolving eureka endpoints via configuration
2025-10-01 09:25:14 [http-nio-8081-exec-3] DEBUG o.s.security.web.FilterChainProxy - Securing POST /api/users
2025-10-01 09:25:14 [http-nio-8081-exec-3] DEBUG c.p.u.u.s.i.CustomUserDetailsService - Loading user by username or email: Tinashe40
2025-10-01 09:25:14 [http-nio-8081-exec-3] DEBUG org.hibernate.SQL - 
    select
        u1_0.id,
        u1_0.account_non_expired,
        u1_0.account_non_locked,
        u1_0.created_by,
        u1_0.created_date,
        u1_0.credentials_non_expired,
        u1_0.deleted,
        u1_0.email,
        u1_0.enabled,
        u1_0.first_name,
        u1_0.last_modified_by,
        u1_0.last_modified_date,
        u1_0.last_name,
        u1_0.password,
        u1_0.username,
        u1_0.version 
    from
        users u1_0 
    where
        u1_0.username=?
2025-10-01 09:25:14 [http-nio-8081-exec-3] DEBUG org.hibernate.SQL - 
    select
        r1_0.user_id,
        r1_1.id,
        r1_1.created_by,
        r1_1.created_date,
        r1_1.deleted,
        r1_1.last_modified_by,
        r1_1.last_modified_date,
        r1_1.name,
        r1_1.version 
    from
        user_roles r1_0 
    join
        roles r1_1 
            on r1_1.id=r1_0.role_id 
    where
        r1_0.user_id=?
2025-10-01 09:25:14 [http-nio-8081-exec-3] DEBUG o.s.security.web.FilterChainProxy - Secured POST /api/users
2025-10-01 09:25:14 [http-nio-8081-exec-3] WARN  o.s.w.s.m.s.DefaultHandlerExceptionResolver - Resolved [org.springframework.web.bind.MethodArgumentNotValidException: Validation failed for argument [0] in public org.springframework.http.ResponseEntity<com.proveritus.cloudutility.dto.UserDTO> com.proveritus.userservice.userManager.api.UserRestController.createUser(com.proveritus.userservice.Auth.DTO.SignUpRequest): [Field error in object 'signUpRequest' on field 'password': rejected value [0000]; codes [Size.signUpRequest.password,Size.password,Size.java.lang.String,Size]; arguments [org.springframework.context.support.DefaultMessageSourceResolvable: codes [signUpRequest.password,password]; arguments []; default message [password],20,6]; default message [size must be between 6 and 20]] ]
2025-10-01 09:25:14 [http-nio-8081-exec-3] DEBUG o.s.security.web.FilterChainProxy - Securing POST /error
2025-10-01 09:25:14 [http-nio-8081-exec-3] DEBUG o.s.s.w.a.AnonymousAuthenticationFilter - Set SecurityContextHolder to anonymous SecurityContext
2025-10-01 09:25:14 [http-nio-8081-exec-3] DEBUG o.s.s.w.s.HttpSessionRequestCache - Saved request http://localhost:8081/error?continue to session
2025-10-01 09:25:14 [http-nio-8081-exec-3] DEBUG o.s.s.w.a.Http403ForbiddenEntryPoint - Pre-authenticated entry point called. Rejecting access
2025-10-01 09:25:34 [http-nio-8081-exec-1] DEBUG o.s.security.web.FilterChainProxy - Securing POST /api/users
2025-10-01 09:25:34 [http-nio-8081-exec-1] DEBUG c.p.u.u.s.i.CustomUserDetailsService - Loading user by username or email: Tinashe40
2025-10-01 09:25:34 [http-nio-8081-exec-1] DEBUG org.hibernate.SQL - 
    select
        u1_0.id,
        u1_0.account_non_expired,
        u1_0.account_non_locked,
        u1_0.created_by,
        u1_0.created_date,
        u1_0.credentials_non_expired,
        u1_0.deleted,
        u1_0.email,
        u1_0.enabled,
        u1_0.first_name,
        u1_0.last_modified_by,
        u1_0.last_modified_date,
        u1_0.last_name,
        u1_0.password,
        u1_0.username,
        u1_0.version 
    from
        users u1_0 
    where
        u1_0.username=?
2025-10-01 09:25:34 [http-nio-8081-exec-1] DEBUG org.hibernate.SQL - 
    select
        r1_0.user_id,
        r1_1.id,
        r1_1.created_by,
        r1_1.created_date,
        r1_1.deleted,
        r1_1.last_modified_by,
        r1_1.last_modified_date,
        r1_1.name,
        r1_1.version 
    from
        user_roles r1_0 
    join
        roles r1_1 
            on r1_1.id=r1_0.role_id 
    where
        r1_0.user_id=?
2025-10-01 09:25:34 [http-nio-8081-exec-1] DEBUG o.s.security.web.FilterChainProxy - Secured POST /api/users
2025-10-01 09:25:34 [http-nio-8081-exec-1] DEBUG o.s.s.a.m.AuthorizationManagerBeforeMethodInterceptor - Authorizing method invocation ReflectiveMethodInvocation: public org.springframework.http.ResponseEntity com.proveritus.userservice.userManager.api.UserRestController.createUser(com.proveritus.userservice.Auth.DTO.SignUpRequest); target is of class [com.proveritus.userservice.userManager.api.UserRestController]
2025-10-01 09:25:34 [http-nio-8081-exec-1] DEBUG o.s.s.a.m.AuthorizationManagerBeforeMethodInterceptor - Authorized method invocation ReflectiveMethodInvocation: public org.springframework.http.ResponseEntity com.proveritus.userservice.userManager.api.UserRestController.createUser(com.proveritus.userservice.Auth.DTO.SignUpRequest); target is of class [com.proveritus.userservice.userManager.api.UserRestController]
2025-10-01 09:25:34 [http-nio-8081-exec-1] INFO  c.p.cloudutility.aop.AuditAspect - Entering method: UserServiceImpl.registerUser(..) with arguments: [com.proveritus.userservice.Auth.DTO.SignUpRequest@79280572]
2025-10-01 09:25:34 [http-nio-8081-exec-1] DEBUG c.p.u.u.service.impl.UserServiceImpl - Request to register user : Tina
2025-10-01 09:25:34 [http-nio-8081-exec-1] DEBUG org.hibernate.SQL - 
    select
        u1_0.id 
    from
        users u1_0 
    where
        u1_0.username=? 
    limit
        ?
2025-10-01 09:25:34 [http-nio-8081-exec-1] DEBUG org.hibernate.SQL - 
    select
        u1_0.id 
    from
        users u1_0 
    where
        u1_0.email=? 
    limit
        ?
2025-10-01 09:25:34 [http-nio-8081-exec-1] DEBUG org.hibernate.SQL - 
    select
        r1_0.id,
        r1_0.created_by,
        r1_0.created_date,
        r1_0.deleted,
        r1_0.last_modified_by,
        r1_0.last_modified_date,
        r1_0.name,
        r1_0.version 
    from
        roles r1_0 
    where
        r1_0.name=?
2025-10-01 09:25:34 [http-nio-8081-exec-1] DEBUG org.hibernate.SQL - 
    insert 
    into
        users
        (account_non_expired, account_non_locked, created_by, created_date, credentials_non_expired, deleted, email, enabled, first_name, last_modified_by, last_modified_date, last_name, password, username, version) 
    values
        (?, ?, ?, ?, ?, ?, ?, ?, ?, ?, ?, ?, ?, ?, ?)
2025-10-01 09:25:34 [http-nio-8081-exec-1] DEBUG c.p.u.u.service.impl.UserServiceImpl - Saved user : BaseEntity(id=2, createdBy=null, createdDate=2025-10-01T09:25:34.301556, lastModifiedBy=null, lastModifiedDate=2025-10-01T09:25:34.301586, version=0, deleted=false)
2025-10-01 09:25:34 [http-nio-8081-exec-1] INFO  c.p.cloudutility.aop.AuditAspect - Exiting method: UserServiceImpl.registerUser(..) with result: UserDTO(id=2, username=Tina, email=tinashemutero40@gmail.com, firstName=Tinashe, lastName=Mutero, roles=[], enabled=true, accountNonExpired=true, accountNonLocked=true, credentialsNonExpired=true)
2025-10-01 09:27:04 [http-nio-8081-exec-4] DEBUG o.s.security.web.FilterChainProxy - Securing GET /api/users/by-username?username=Tina
2025-10-01 09:27:04 [http-nio-8081-exec-4] DEBUG c.p.u.u.s.i.CustomUserDetailsService - Loading user by username or email: Tinashe40
2025-10-01 09:27:04 [http-nio-8081-exec-4] DEBUG org.hibernate.SQL - 
    select
        u1_0.id,
        u1_0.account_non_expired,
        u1_0.account_non_locked,
        u1_0.created_by,
        u1_0.created_date,
        u1_0.credentials_non_expired,
        u1_0.deleted,
        u1_0.email,
        u1_0.enabled,
        u1_0.first_name,
        u1_0.last_modified_by,
        u1_0.last_modified_date,
        u1_0.last_name,
        u1_0.password,
        u1_0.username,
        u1_0.version 
    from
        users u1_0 
    where
        u1_0.username=?
2025-10-01 09:27:04 [http-nio-8081-exec-4] DEBUG org.hibernate.SQL - 
    select
        r1_0.user_id,
        r1_1.id,
        r1_1.created_by,
        r1_1.created_date,
        r1_1.deleted,
        r1_1.last_modified_by,
        r1_1.last_modified_date,
        r1_1.name,
        r1_1.version 
    from
        user_roles r1_0 
    join
        roles r1_1 
            on r1_1.id=r1_0.role_id 
    where
        r1_0.user_id=?
2025-10-01 09:27:04 [http-nio-8081-exec-4] DEBUG o.s.security.web.FilterChainProxy - Secured GET /api/users/by-username?username=Tina
2025-10-01 09:27:04 [http-nio-8081-exec-4] INFO  c.p.cloudutility.aop.AuditAspect - Entering method: UserServiceImpl.getUserByUsername(..) with arguments: [Tina]
2025-10-01 09:27:04 [http-nio-8081-exec-4] DEBUG c.p.u.u.service.impl.UserServiceImpl - Request to get User : Tina
2025-10-01 09:27:04 [http-nio-8081-exec-4] DEBUG org.hibernate.SQL - 
    select
        u1_0.id,
        u1_0.account_non_expired,
        u1_0.account_non_locked,
        u1_0.created_by,
        u1_0.created_date,
        u1_0.credentials_non_expired,
        u1_0.deleted,
        u1_0.email,
        u1_0.enabled,
        u1_0.first_name,
        u1_0.last_modified_by,
        u1_0.last_modified_date,
        u1_0.last_name,
        u1_0.password,
        u1_0.username,
        u1_0.version 
    from
        users u1_0 
    where
        u1_0.username=?
2025-10-01 09:27:04 [http-nio-8081-exec-4] DEBUG org.hibernate.SQL - 
    select
        r1_0.user_id,
        r1_1.id,
        r1_1.created_by,
        r1_1.created_date,
        r1_1.deleted,
        r1_1.last_modified_by,
        r1_1.last_modified_date,
        r1_1.name,
        r1_1.version 
    from
        user_roles r1_0 
    join
        roles r1_1 
            on r1_1.id=r1_0.role_id 
    where
        r1_0.user_id=?
2025-10-01 09:27:04 [http-nio-8081-exec-4] INFO  c.p.cloudutility.aop.AuditAspect - Exiting method: UserServiceImpl.getUserByUsername(..) with result: Optional[UserDTO(id=2, username=Tina, email=tinashemutero40@gmail.com, firstName=Tinashe, lastName=Mutero, roles=[], enabled=true, accountNonExpired=true, accountNonLocked=true, credentialsNonExpired=true)]
2025-10-01 09:29:29 [AsyncResolver-bootstrap-executor-0] INFO  c.n.d.s.r.aws.ConfigClusterResolver - Resolving eureka endpoints via configuration
2025-10-01 09:34:29 [AsyncResolver-bootstrap-executor-0] INFO  c.n.d.s.r.aws.ConfigClusterResolver - Resolving eureka endpoints via configuration
2025-10-01 09:39:29 [AsyncResolver-bootstrap-executor-0] INFO  c.n.d.s.r.aws.ConfigClusterResolver - Resolving eureka endpoints via configuration
2025-10-01 09:44:29 [AsyncResolver-bootstrap-executor-0] INFO  c.n.d.s.r.aws.ConfigClusterResolver - Resolving eureka endpoints via configuration
2025-10-01 09:49:29 [AsyncResolver-bootstrap-executor-0] INFO  c.n.d.s.r.aws.ConfigClusterResolver - Resolving eureka endpoints via configuration
2025-10-01 09:54:29 [AsyncResolver-bootstrap-executor-0] INFO  c.n.d.s.r.aws.ConfigClusterResolver - Resolving eureka endpoints via configuration
2025-10-01 09:59:29 [AsyncResolver-bootstrap-executor-0] INFO  c.n.d.s.r.aws.ConfigClusterResolver - Resolving eureka endpoints via configuration
2025-10-01 10:04:29 [AsyncResolver-bootstrap-executor-0] INFO  c.n.d.s.r.aws.ConfigClusterResolver - Resolving eureka endpoints via configuration
2025-10-01 10:09:29 [AsyncResolver-bootstrap-executor-0] INFO  c.n.d.s.r.aws.ConfigClusterResolver - Resolving eureka endpoints via configuration
2025-10-01 10:14:29 [AsyncResolver-bootstrap-executor-0] INFO  c.n.d.s.r.aws.ConfigClusterResolver - Resolving eureka endpoints via configuration
2025-10-01 10:19:29 [AsyncResolver-bootstrap-executor-0] INFO  c.n.d.s.r.aws.ConfigClusterResolver - Resolving eureka endpoints via configuration
2025-10-01 10:24:29 [AsyncResolver-bootstrap-executor-0] INFO  c.n.d.s.r.aws.ConfigClusterResolver - Resolving eureka endpoints via configuration
2025-10-01 10:29:29 [AsyncResolver-bootstrap-executor-0] INFO  c.n.d.s.r.aws.ConfigClusterResolver - Resolving eureka endpoints via configuration
2025-10-01 10:34:29 [AsyncResolver-bootstrap-executor-0] INFO  c.n.d.s.r.aws.ConfigClusterResolver - Resolving eureka endpoints via configuration
2025-10-01 10:39:29 [AsyncResolver-bootstrap-executor-0] INFO  c.n.d.s.r.aws.ConfigClusterResolver - Resolving eureka endpoints via configuration
2025-10-01 10:44:29 [AsyncResolver-bootstrap-executor-0] INFO  c.n.d.s.r.aws.ConfigClusterResolver - Resolving eureka endpoints via configuration
2025-10-01 10:49:29 [AsyncResolver-bootstrap-executor-0] INFO  c.n.d.s.r.aws.ConfigClusterResolver - Resolving eureka endpoints via configuration
2025-10-01 10:54:29 [AsyncResolver-bootstrap-executor-0] INFO  c.n.d.s.r.aws.ConfigClusterResolver - Resolving eureka endpoints via configuration
